Secuencial:
Secuencial - Input: ./input/input60,  Tiempo secuencial: 0.000959
Secuencial - Input: ./input/input240,  Tiempo secuencial: 0.058429
Secuencial - Input: ./input/input750,  Tiempo secuencial: 1.63228
Secuencial - Input: ./input/input1200,  Tiempo secuencial: 7.0335
MPI para 4 procesadores:
MPI-2D - Input: ./input/input60,  Tiempo MPI-2D: 0.00373292
MPI-2D - Input: ./input/input240,  Tiempo MPI-2D: 0.044914
MPI-2D - Input: ./input/input750,  Tiempo MPI-2D: 0.58605
MPI-2D - Input: ./input/input1200,  Tiempo MPI-2D: 2.37726
MPI para 9 procesadores:
MPI-2D - Input: ./input/input60,  Tiempo MPI-2D: 0.00072217
MPI-2D - Input: ./input/input240,  Tiempo MPI-2D: 0.0154932
MPI-2D - Input: ./input/input750,  Tiempo MPI-2D: 0.419171
MPI-2D - Input: ./input/input1200,  Tiempo MPI-2D: 1.74813
OMP1D para 4 threads:
OMP 1D - Input: ./input/input60,  Tiempo OMP 1D: 0.000292238
OMP 1D - Input: ./input/input240,  Tiempo OMP 1D: 0.0151245
OMP 1D - Input: ./input/input750,  Tiempo OMP 1D: 0.345008
OMP 1D - Input: ./input/input1200,  Tiempo OMP 1D: 1.37956
OMP1D para 9 threads:
OMP 1D - Input: ./input/input60,  Tiempo OMP 1D: 0.00030707
OMP 1D - Input: ./input/input240,  Tiempo OMP 1D: 0.00917626
OMP 1D - Input: ./input/input750,  Tiempo OMP 1D: 0.26547
OMP 1D - Input: ./input/input1200,  Tiempo OMP 1D: 1.08312
OMP2D para 4 threads:
OMP 1D - Input: ./input/input60,  Tiempo OMP 1D: 0.000296549
OMP 1D - Input: ./input/input240,  Tiempo OMP 1D: 0.0115181
OMP 1D - Input: ./input/input750,  Tiempo OMP 1D: 0.339256
OMP 1D - Input: ./input/input1200,  Tiempo OMP 1D: 1.3822
OMP2D para 9 threads:
OMP 1D - Input: ./input/input60,  Tiempo OMP 1D: 0.000481833
OMP 1D - Input: ./input/input240,  Tiempo OMP 1D: 0.00909801
OMP 1D - Input: ./input/input750,  Tiempo OMP 1D: 0.265462
OMP 1D - Input: ./input/input1200,  Tiempo OMP 1D: 1.08312
